0 info it worked if it ends with ok
1 verbose cli [ '/usr/local/bin/node', '/usr/local/bin/npm', 'install' ]
2 info using npm@1.4.28
3 info using node@v0.10.33
4 verbose readDependencies using package.json deps
5 verbose install where, deps [ '/Users/paulrose/Repo/utilities/bootstrap-select-sass',
5 verbose install   [ 'jquery',
5 verbose install     'grunt',
5 verbose install     'grunt-autoprefixer',
5 verbose install     'grunt-banner',
5 verbose install     'grunt-contrib-clean',
5 verbose install     'grunt-contrib-compress',
5 verbose install     'grunt-contrib-concat',
5 verbose install     'grunt-contrib-csslint',
5 verbose install     'grunt-contrib-cssmin',
5 verbose install     'grunt-contrib-jshint',
5 verbose install     'grunt-contrib-sass',
5 verbose install     'grunt-contrib-qunit',
5 verbose install     'grunt-contrib-uglify',
5 verbose install     'grunt-contrib-watch',
5 verbose install     'grunt-sed',
5 verbose install     'load-grunt-tasks' ] ]
6 info preinstall bootstrap-select@1.6.3
7 verbose readDependencies using package.json deps
8 verbose already installed skipping jquery@>=1.8 /Users/paulrose/Repo/utilities/bootstrap-select-sass
9 verbose already installed skipping grunt@~0.4.5 /Users/paulrose/Repo/utilities/bootstrap-select-sass
10 verbose already installed skipping grunt-autoprefixer@~1.0.0 /Users/paulrose/Repo/utilities/bootstrap-select-sass
11 verbose already installed skipping grunt-banner@~0.2.3 /Users/paulrose/Repo/utilities/bootstrap-select-sass
12 verbose already installed skipping grunt-contrib-clean@~0.6.0 /Users/paulrose/Repo/utilities/bootstrap-select-sass
13 verbose already installed skipping grunt-contrib-compress@^0.12.0 /Users/paulrose/Repo/utilities/bootstrap-select-sass
14 verbose already installed skipping grunt-contrib-concat@~0.5.0 /Users/paulrose/Repo/utilities/bootstrap-select-sass
15 verbose already installed skipping grunt-contrib-csslint@~0.2.0 /Users/paulrose/Repo/utilities/bootstrap-select-sass
16 verbose already installed skipping grunt-contrib-cssmin@~0.10.0 /Users/paulrose/Repo/utilities/bootstrap-select-sass
17 verbose already installed skipping grunt-contrib-jshint@~0.10.0 /Users/paulrose/Repo/utilities/bootstrap-select-sass
18 verbose cache add [ 'grunt-contrib-sass@~0.11.3', null ]
19 verbose cache add name=undefined spec="grunt-contrib-sass@~0.11.3" args=["grunt-contrib-sass@~0.11.3",null]
20 verbose parsed url { protocol: null,
20 verbose parsed url   slashes: null,
20 verbose parsed url   auth: null,
20 verbose parsed url   host: null,
20 verbose parsed url   port: null,
20 verbose parsed url   hostname: null,
20 verbose parsed url   hash: null,
20 verbose parsed url   search: null,
20 verbose parsed url   query: null,
20 verbose parsed url   pathname: 'grunt-contrib-sass@~0.11.3',
20 verbose parsed url   path: 'grunt-contrib-sass@~0.11.3',
20 verbose parsed url   href: 'grunt-contrib-sass@~0.11.3' }
21 verbose already installed skipping grunt-contrib-qunit@~0.5.2 /Users/paulrose/Repo/utilities/bootstrap-select-sass
22 verbose cache add name="grunt-contrib-sass" spec="~0.11.3" args=["grunt-contrib-sass","~0.11.3"]
23 verbose parsed url { protocol: null,
23 verbose parsed url   slashes: null,
23 verbose parsed url   auth: null,
23 verbose parsed url   host: null,
23 verbose parsed url   port: null,
23 verbose parsed url   hostname: null,
23 verbose parsed url   hash: null,
23 verbose parsed url   search: null,
23 verbose parsed url   query: null,
23 verbose parsed url   pathname: '~0.11.3',
23 verbose parsed url   path: '~0.11.3',
23 verbose parsed url   href: '~0.11.3' }
24 verbose addNamed [ 'grunt-contrib-sass', '~0.11.3' ]
25 verbose addNamed [ null, '>=0.11.3-0 <0.12.0-0' ]
26 verbose already installed skipping grunt-contrib-uglify@~0.5.0 /Users/paulrose/Repo/utilities/bootstrap-select-sass
27 silly lockFile a703807c-grunt-contrib-sass-0-11-3 grunt-contrib-sass@~0.11.3
28 verbose lock grunt-contrib-sass@~0.11.3 /Users/paulrose/.npm/a703807c-grunt-contrib-sass-0-11-3.lock
29 verbose already installed skipping grunt-contrib-watch@~0.6.1 /Users/paulrose/Repo/utilities/bootstrap-select-sass
30 silly addNameRange { name: 'grunt-contrib-sass',
30 silly addNameRange   range: '>=0.11.3-0 <0.12.0-0',
30 silly addNameRange   hasData: false }
31 verbose already installed skipping grunt-sed@~0.1.1 /Users/paulrose/Repo/utilities/bootstrap-select-sass
32 verbose already installed skipping load-grunt-tasks@~0.6.0 /Users/paulrose/Repo/utilities/bootstrap-select-sass
33 verbose request where is /grunt-contrib-sass
34 verbose request registry https://registry.npmjs.org/
35 verbose request id 2d07868c09933f29
36 verbose url raw /grunt-contrib-sass
37 verbose url resolving [ 'https://registry.npmjs.org/', './grunt-contrib-sass' ]
38 verbose url resolved https://registry.npmjs.org/grunt-contrib-sass
39 verbose request where is https://registry.npmjs.org/grunt-contrib-sass
40 info trying registry request attempt 1 at 11:07:25
41 http GET https://registry.npmjs.org/grunt-contrib-sass
42 http 200 https://registry.npmjs.org/grunt-contrib-sass
43 silly registry.get cb [ 200,
43 silly registry.get   { date: 'Sun, 30 Nov 2014 11:07:26 GMT',
43 silly registry.get     server: 'CouchDB/1.5.0 (Erlang OTP/R14B04)',
43 silly registry.get     etag: '"7C9TPN1VWX3YGTCXLYTF71XPH"',
43 silly registry.get     'content-type': 'application/json',
43 silly registry.get     'cache-control': 'max-age=60',
43 silly registry.get     'content-length': '41110',
43 silly registry.get     'accept-ranges': 'bytes',
43 silly registry.get     via: '1.1 varnish',
43 silly registry.get     age: '0',
43 silly registry.get     'x-served-by': 'cache-lhr6325-LHR',
43 silly registry.get     'x-cache': 'HIT',
43 silly registry.get     'x-cache-hits': '1',
43 silly registry.get     'x-timer': 'S1417345645.989591,VS0,VE669',
43 silly registry.get     vary: 'Accept',
43 silly registry.get     'keep-alive': 'timeout=10, max=50',
43 silly registry.get     connection: 'Keep-Alive' } ]
44 silly addNameRange number 2 { name: 'grunt-contrib-sass',
44 silly addNameRange   range: '>=0.11.3-0 <0.12.0-0',
44 silly addNameRange   hasData: true }
45 silly addNameRange versions [ 'grunt-contrib-sass',
45 silly addNameRange   [ '0.1.0',
45 silly addNameRange     '0.1.1',
45 silly addNameRange     '0.1.2',
45 silly addNameRange     '0.1.3',
45 silly addNameRange     '0.2.0',
45 silly addNameRange     '0.2.1',
45 silly addNameRange     '0.2.2',
45 silly addNameRange     '0.3.0',
45 silly addNameRange     '0.4.0',
45 silly addNameRange     '0.4.1',
45 silly addNameRange     '0.5.0',
45 silly addNameRange     '0.5.1',
45 silly addNameRange     '0.6.0',
45 silly addNameRange     '0.2.2-rc7',
45 silly addNameRange     '0.7.0',
45 silly addNameRange     '0.7.1',
45 silly addNameRange     '0.7.2',
45 silly addNameRange     '0.7.3',
45 silly addNameRange     '0.7.4',
45 silly addNameRange     '0.8.0',
45 silly addNameRange     '0.8.1' ] ]
46 silly lockFile a703807c-grunt-contrib-sass-0-11-3 grunt-contrib-sass@~0.11.3
47 silly lockFile a703807c-grunt-contrib-sass-0-11-3 grunt-contrib-sass@~0.11.3
48 error notarget No compatible version found: grunt-contrib-sass@'>=0.11.3-0 <0.12.0-0'
48 error notarget Valid install targets:
48 error notarget ["0.1.0","0.1.1","0.1.2","0.1.3","0.2.0","0.2.1","0.2.2","0.3.0","0.4.0","0.4.1","0.5.0","0.5.1","0.6.0","0.2.2-rc7","0.7.0","0.7.1","0.7.2","0.7.3","0.7.4","0.8.0","0.8.1"]
48 error notarget
48 error notarget This is most likely not a problem with npm itself.
48 error notarget In most cases you or one of your dependencies are requesting
48 error notarget a package version that doesn't exist.
49 error System Darwin 14.0.0
50 error command "/usr/local/bin/node" "/usr/local/bin/npm" "install"
51 error cwd /Users/paulrose/Repo/utilities/bootstrap-select-sass
52 error node -v v0.10.33
53 error npm -v 1.4.28
54 error code ETARGET
55 verbose exit [ 1, true ]
